{
  "stats": {
    "suites": 1,
    "tests": 1,
    "passes": 0,
    "pending": 0,
    "failures": 1,
    "start": "2026-07-27T09:56:35.189Z",
    "end": "2026-07-27T09:56:55.009Z",
    "duration": 19820,
    "testsRegistered": 1,
    "passPercent": 0,
    "pendingPercent": 0,
    "other": 0,
    "hasOther": false,
    "skipped": 0,
    "hasSkipped": false
  },
  "results": [
    {
      "uuid": "a120bf57-a478-4155-9e8b-08eda518dde3",
      "title": "",
      "fullFile": "cypress\\e2e\\Student\\UC-ProvideFeedback.cy.js",
      "file": "cypress\\e2e\\Student\\UC-ProvideFeedback.cy.js",
      "beforeHooks": [],
      "afterHooks": [],
      "tests": [],
      "suites": [
        {
          "uuid": "b5c19201-2505-4254-a84f-bc50dbbfd9d6",
          "title": "All Surveys Navigation",
          "fullFile": "",
          "file": "",
          "beforeHooks": [],
          "afterHooks": [],
          "tests": [
            {
              "title": "should navigate to the All Surveys page",
              "fullTitle": "All Surveys Navigation should navigate to the All Surveys page",
              "timedOut": null,
              "duration": 16503,
              "state": "failed",
              "speed": null,
              "pass": false,
              "fail": true,
              "pending": false,
              "context": "{\n  \"title\": \"cypress-mochawesome-reporter-screenshots\",\n  \"value\": [\n    [\n      \"\\\\UC-ProvideFeedback.cy.js\\\\All Surveys Navigation -- should navigate to the All Surveys page (failed).png\"\n    ]\n  ]\n}",
              "code": "cy.contains('a', 'All Surveys').click();\ncy.url().should('include', '/survey');\ncy.contains('Archives: Surveys').should('be.visible');\ncy.contains('a', 'Wise _Test_With_Playwright Updated').click();\ncy.get('input[name=\"answer[747]\"]').type('Excellent course!');\ncy.get('input[name=\"answer[747]\"]').should('have.value', 'Excellent course!');\ncy.contains('Submit').click();\ncy.contains('Merci, vos réponses ont bien été enregistrées !').should('be.visible');",
              "err": {
                "message": "AssertionError: Timed out retrying after 4000ms: Expected to find element: `input[name=\"answer[747]\"]`, but never found it.",
                "estack": "AssertionError: Timed out retrying after 4000ms: Expected to find element: `input[name=\"answer[747]\"]`, but never found it.\n    at Context.eval (webpack://salomon-cohrt3-automation/./cypress/e2e/Student/UC-ProvideFeedback.cy.js:20:7)",
                "diff": null
              },
              "uuid": "a28a2544-9fd5-4661-881f-817ed5f1a070",
              "parentUUID": "b5c19201-2505-4254-a84f-bc50dbbfd9d6",
              "isHook": false,
              "skipped": false
            }
          ],
          "suites": [],
          "passes": [],
          "failures": [
            "a28a2544-9fd5-4661-881f-817ed5f1a070"
          ],
          "pending": [],
          "skipped": [],
          "duration": 16503,
          "root": false,
          "rootEmpty": false,
          "_timeout": 2000
        }
      ],
      "passes": [],
      "failures": [],
      "pending": [],
      "skipped": [],
      "duration": 0,
      "root": true,
      "rootEmpty": true,
      "_timeout": 2000
    }
  ],
  "meta": {
    "mocha": {
      "version": "7.2.0"
    },
    "mochawesome": {
      "options": {
        "quiet": false,
        "reportFilename": "mochawesome",
        "saveHtml": false,
        "saveJson": true,
        "consoleReporter": "spec",
        "useInlineDiffs": false,
        "code": true
      },
      "version": "7.1.4"
    },
    "marge": {
      "options": {
        "overwrite": false,
        "html": false,
        "json": true,
        "reportDir": "cypress\\reports\\html\\.jsons"
      },
      "version": "6.3.2"
    }
  }
}