{
  "stats": {
    "suites": 1,
    "tests": 1,
    "passes": 1,
    "pending": 0,
    "failures": 0,
    "start": "2026-07-27T09:55:37.302Z",
    "end": "2026-07-27T09:55:52.939Z",
    "duration": 15637,
    "testsRegistered": 1,
    "passPercent": 100,
    "pendingPercent": 0,
    "other": 0,
    "hasOther": false,
    "skipped": 0,
    "hasSkipped": false
  },
  "results": [
    {
      "uuid": "f2928c7a-b343-4e05-a64c-9a0fe8db0cd3",
      "title": "",
      "fullFile": "cypress\\e2e\\Student\\UC-ManageSurvey.cy.js",
      "file": "cypress\\e2e\\Student\\UC-ManageSurvey.cy.js",
      "beforeHooks": [],
      "afterHooks": [],
      "tests": [],
      "suites": [
        {
          "uuid": "6e0b9e73-033a-4f59-98b6-664e05e1accb",
          "title": "All Surveys Navigation",
          "fullFile": "",
          "file": "",
          "beforeHooks": [],
          "afterHooks": [],
          "tests": [
            {
              "title": "should navigate to the All Surveys page",
              "fullTitle": "All Surveys Navigation should navigate to the All Surveys page",
              "timedOut": null,
              "duration": 11693,
              "state": "passed",
              "speed": "slow",
              "pass": true,
              "fail": false,
              "pending": false,
              "context": null,
              "code": "cy.contains('a', 'All Surveys').click();\ncy.url().should('include', '/survey');\ncy.contains('Archives: Surveys').should('be.visible');",
              "err": {},
              "uuid": "f7db40b6-9493-40b5-b047-4455bc70af36",
              "parentUUID": "6e0b9e73-033a-4f59-98b6-664e05e1accb",
              "isHook": false,
              "skipped": false
            }
          ],
          "suites": [],
          "passes": [
            "f7db40b6-9493-40b5-b047-4455bc70af36"
          ],
          "failures": [],
          "pending": [],
          "skipped": [],
          "duration": 11693,
          "root": false,
          "rootEmpty": false,
          "_timeout": 2000
        }
      ],
      "passes": [],
      "failures": [],
      "pending": [],
      "skipped": [],
      "duration": 0,
      "root": true,
      "rootEmpty": true,
      "_timeout": 2000
    }
  ],
  "meta": {
    "mocha": {
      "version": "7.2.0"
    },
    "mochawesome": {
      "options": {
        "quiet": false,
        "reportFilename": "mochawesome",
        "saveHtml": false,
        "saveJson": true,
        "consoleReporter": "spec",
        "useInlineDiffs": false,
        "code": true
      },
      "version": "7.1.4"
    },
    "marge": {
      "options": {
        "overwrite": false,
        "html": false,
        "json": true,
        "reportDir": "cypress\\reports\\html\\.jsons"
      },
      "version": "6.3.2"
    }
  }
}