{
  "stats": {
    "suites": 1,
    "tests": 6,
    "passes": 2,
    "pending": 0,
    "failures": 4,
    "start": "2026-07-27T09:54:39.908Z",
    "end": "2026-07-27T09:55:31.662Z",
    "duration": 51754,
    "testsRegistered": 6,
    "passPercent": 33.33333333333333,
    "pendingPercent": 0,
    "other": 0,
    "hasOther": false,
    "skipped": 0,
    "hasSkipped": false
  },
  "results": [
    {
      "uuid": "87b8e018-bb52-4668-9407-709ef561d950",
      "title": "",
      "fullFile": "cypress\\e2e\\Student\\UC-Login.cy.js",
      "file": "cypress\\e2e\\Student\\UC-Login.cy.js",
      "beforeHooks": [],
      "afterHooks": [],
      "tests": [],
      "suites": [
        {
          "uuid": "0ace2530-482e-48a4-a1aa-c7c662c66545",
          "title": "Login",
          "fullFile": "",
          "file": "",
          "beforeHooks": [],
          "afterHooks": [],
          "tests": [
            {
              "title": "should allow a user to log in",
              "fullTitle": "Login should allow a user to log in",
              "timedOut": null,
              "duration": 10212,
              "state": "passed",
              "speed": "slow",
              "pass": true,
              "fail": false,
              "pending": false,
              "context": null,
              "code": "cy.visit('https://student.michaelkentburns.com/');\ncy.contains('User').click();\ncy.contains('Login').click();\ncy.get('#user_login').type('yussecelestin@gmail.com');\ncy.get('#user_pass').type('13579013@#Yc');\ncy.contains('Remember Me').click({\n  force: true\n});\ncy.get('#wp-submit').click();",
              "err": {},
              "uuid": "a3ec0167-3ba1-49f9-9763-f6556f6e9d8d",
              "parentUUID": "0ace2530-482e-48a4-a1aa-c7c662c66545",
              "isHook": false,
              "skipped": false
            },
            {
              "title": "should display an error message for invalid password",
              "fullTitle": "Login should display an error message for invalid password",
              "timedOut": null,
              "duration": 8558,
              "state": "failed",
              "speed": null,
              "pass": false,
              "fail": true,
              "pending": false,
              "context": "{\n  \"title\": \"cypress-mochawesome-reporter-screenshots\",\n  \"value\": [\n    [\n      \"\\\\UC-Login.cy.js\\\\Login -- should display an error message for invalid password (failed).png\"\n    ]\n  ]\n}",
              "code": "cy.visit('https://student.michaelkentburns.com/');\ncy.contains('User').click();\ncy.contains('Login').click();\ncy.get('#user_login').type('yussecelestin@gmail.com');\ncy.get('#user_pass').type('wrongpassword');\ncy.get('#wp-submit').click();\ncy.contains('Invalid username or password.');",
              "err": {
                "message": "AssertionError: Timed out retrying after 4000ms: Expected to find content: 'Invalid username or password.' but never did.",
                "estack": "AssertionError: Timed out retrying after 4000ms: Expected to find content: 'Invalid username or password.' but never did.\n    at Context.eval (webpack://salomon-cohrt3-automation/./cypress/e2e/Student/UC-Login.cy.js:24:7)",
                "diff": null
              },
              "uuid": "db7bbd5d-6056-40fe-b53d-d4ec42142fe1",
              "parentUUID": "0ace2530-482e-48a4-a1aa-c7c662c66545",
              "isHook": false,
              "skipped": false
            },
            {
              "title": "should display an error message for invalid username",
              "fullTitle": "Login should display an error message for invalid username",
              "timedOut": null,
              "duration": 7720,
              "state": "failed",
              "speed": null,
              "pass": false,
              "fail": true,
              "pending": false,
              "context": "{\n  \"title\": \"cypress-mochawesome-reporter-screenshots\",\n  \"value\": [\n    [\n      \"\\\\UC-Login.cy.js\\\\Login -- should display an error message for invalid username (failed).png\"\n    ]\n  ]\n}",
              "code": "cy.visit('https://student.michaelkentburns.com/');\ncy.contains('User').click();\ncy.contains('Login').click();\ncy.get('#user_login').type('invaliduser');\ncy.get('#user_pass').type('13579013@#Yc');\ncy.get('#wp-submit').click();\ncy.contains('Invalid username or password.');",
              "err": {
                "message": "AssertionError: Timed out retrying after 4000ms: Expected to find content: 'Invalid username or password.' but never did.",
                "estack": "AssertionError: Timed out retrying after 4000ms: Expected to find content: 'Invalid username or password.' but never did.\n    at Context.eval (webpack://salomon-cohrt3-automation/./cypress/e2e/Student/UC-Login.cy.js:36:7)",
                "diff": null
              },
              "uuid": "90d0c7f9-65d2-47c6-acd3-2d2870069d78",
              "parentUUID": "0ace2530-482e-48a4-a1aa-c7c662c66545",
              "isHook": false,
              "skipped": false
            },
            {
              "title": "should allow a user to reset their password",
              "fullTitle": "Login should allow a user to reset their password",
              "timedOut": null,
              "duration": 4268,
              "state": "passed",
              "speed": "fast",
              "pass": true,
              "fail": false,
              "pending": false,
              "context": null,
              "code": "cy.visit('https://student.michaelkentburns.com/');\ncy.contains('User').click();\ncy.contains('Login').click();\ncy.contains('Lost your password?').click();\ncy.get('#user_login').type('yussecelestin@gmail.com');\ncy.get('#wp-submit').click();\n// assert that a reset confirmation message is shown\ncy.contains('Check your email').should('exist');",
              "err": {},
              "uuid": "82ee7f86-db9e-46d5-be58-cba8b2274757",
              "parentUUID": "0ace2530-482e-48a4-a1aa-c7c662c66545",
              "isHook": false,
              "skipped": false
            },
            {
              "title": "should display an error message for empty fields",
              "fullTitle": "Login should display an error message for empty fields",
              "timedOut": null,
              "duration": 6553,
              "state": "failed",
              "speed": null,
              "pass": false,
              "fail": true,
              "pending": false,
              "context": "{\n  \"title\": \"cypress-mochawesome-reporter-screenshots\",\n  \"value\": [\n    [\n      \"\\\\UC-Login.cy.js\\\\Login -- should display an error message for empty fields (failed).png\"\n    ]\n  ]\n}",
              "code": "cy.visit('https://student.michaelkentburns.com/');\ncy.contains('User').click();\ncy.contains('Login').click();\ncy.get('#wp-submit').click();\ncy.contains('Please enter a username and password.').should('exist');",
              "err": {
                "message": "AssertionError: Timed out retrying after 4000ms: Expected to find content: 'Please enter a username and password.' but never did.",
                "estack": "AssertionError: Timed out retrying after 4000ms: Expected to find content: 'Please enter a username and password.' but never did.\n    at Context.eval (webpack://salomon-cohrt3-automation/./cypress/e2e/Student/UC-Login.cy.js:57:57)",
                "diff": null
              },
              "uuid": "7b698f2f-088a-4200-8ec2-901e9047f005",
              "parentUUID": "0ace2530-482e-48a4-a1aa-c7c662c66545",
              "isHook": false,
              "skipped": false
            },
            {
              "title": "should allow a user to log out",
              "fullTitle": "Login should allow a user to log out",
              "timedOut": null,
              "duration": 9624,
              "state": "failed",
              "speed": null,
              "pass": false,
              "fail": true,
              "pending": false,
              "context": "{\n  \"title\": \"cypress-mochawesome-reporter-screenshots\",\n  \"value\": [\n    [\n      \"\\\\UC-Login.cy.js\\\\Login -- should allow a user to log out (failed).png\"\n    ]\n  ]\n}",
              "code": "cy.visit('https://student.michaelkentburns.com/');\ncy.contains('User').click();\ncy.contains('Login').click();\ncy.get('#user_login').type('yussecelestin@gmail.com');\ncy.get('#user_pass').type('13579013@#Yc');\ncy.contains('Remember Me').click({\n  force: true\n});\ncy.get('#wp-submit').click();\ncy.contains('Log Out').click();",
              "err": {
                "message": "AssertionError: Timed out retrying after 4000ms: Expected to find content: 'Log Out' but never did.",
                "estack": "AssertionError: Timed out retrying after 4000ms: Expected to find content: 'Log Out' but never did.\n    at Context.eval (webpack://salomon-cohrt3-automation/./cypress/e2e/Student/UC-Login.cy.js:69:7)",
                "diff": null
              },
              "uuid": "1e87f8b5-dccb-4fd7-a551-64651eaafdd3",
              "parentUUID": "0ace2530-482e-48a4-a1aa-c7c662c66545",
              "isHook": false,
              "skipped": false
            }
          ],
          "suites": [],
          "passes": [
            "a3ec0167-3ba1-49f9-9763-f6556f6e9d8d",
            "82ee7f86-db9e-46d5-be58-cba8b2274757"
          ],
          "failures": [
            "db7bbd5d-6056-40fe-b53d-d4ec42142fe1",
            "90d0c7f9-65d2-47c6-acd3-2d2870069d78",
            "7b698f2f-088a-4200-8ec2-901e9047f005",
            "1e87f8b5-dccb-4fd7-a551-64651eaafdd3"
          ],
          "pending": [],
          "skipped": [],
          "duration": 46935,
          "root": false,
          "rootEmpty": false,
          "_timeout": 2000
        }
      ],
      "passes": [],
      "failures": [],
      "pending": [],
      "skipped": [],
      "duration": 0,
      "root": true,
      "rootEmpty": true,
      "_timeout": 2000
    }
  ],
  "meta": {
    "mocha": {
      "version": "7.2.0"
    },
    "mochawesome": {
      "options": {
        "quiet": false,
        "reportFilename": "mochawesome",
        "saveHtml": false,
        "saveJson": true,
        "consoleReporter": "spec",
        "useInlineDiffs": false,
        "code": true
      },
      "version": "7.1.4"
    },
    "marge": {
      "options": {
        "overwrite": false,
        "html": false,
        "json": true,
        "reportDir": "cypress\\reports\\html\\.jsons"
      },
      "version": "6.3.2"
    }
  }
}