{
  "stats": {
    "suites": 1,
    "tests": 1,
    "passes": 1,
    "pending": 0,
    "failures": 0,
    "start": "2026-07-27T09:55:58.893Z",
    "end": "2026-07-27T09:56:15.650Z",
    "duration": 16757,
    "testsRegistered": 1,
    "passPercent": 100,
    "pendingPercent": 0,
    "other": 0,
    "hasOther": false,
    "skipped": 0,
    "hasSkipped": false
  },
  "results": [
    {
      "uuid": "be155f06-ecd9-42fb-8ed4-e2171699d0dd",
      "title": "",
      "fullFile": "cypress\\e2e\\Student\\UC-PasswordRecovery.cy.js",
      "file": "cypress\\e2e\\Student\\UC-PasswordRecovery.cy.js",
      "beforeHooks": [],
      "afterHooks": [],
      "tests": [],
      "suites": [
        {
          "uuid": "dbbe3dc8-b3a8-4407-a8ad-77c4c860112e",
          "title": "Password Recovery",
          "fullFile": "",
          "file": "",
          "beforeHooks": [],
          "afterHooks": [],
          "tests": [
            {
              "title": "PR02 - should allow a registered user to request a password reset",
              "fullTitle": "Password Recovery PR02 - should allow a registered user to request a password reset",
              "timedOut": null,
              "duration": 12825,
              "state": "passed",
              "speed": "slow",
              "pass": true,
              "fail": false,
              "pending": false,
              "context": null,
              "code": "cy.visit('https://student.michaelkentburns.com/');\ncy.contains('User').click();\ncy.contains('Login').click();\ncy.contains('Lost your password?').click();\ncy.get('#user_login').type('yussecelestin@gmail.com');\ncy.get('#wp-submit').click();\ncy.contains('Check your email for the confirmation link, then visit the login page.').should('be.visible');",
              "err": {},
              "uuid": "b819f378-9fce-476f-b6aa-2bd57f255c8c",
              "parentUUID": "dbbe3dc8-b3a8-4407-a8ad-77c4c860112e",
              "isHook": false,
              "skipped": false
            }
          ],
          "suites": [],
          "passes": [
            "b819f378-9fce-476f-b6aa-2bd57f255c8c"
          ],
          "failures": [],
          "pending": [],
          "skipped": [],
          "duration": 12825,
          "root": false,
          "rootEmpty": false,
          "_timeout": 2000
        }
      ],
      "passes": [],
      "failures": [],
      "pending": [],
      "skipped": [],
      "duration": 0,
      "root": true,
      "rootEmpty": true,
      "_timeout": 2000
    }
  ],
  "meta": {
    "mocha": {
      "version": "7.2.0"
    },
    "mochawesome": {
      "options": {
        "quiet": false,
        "reportFilename": "mochawesome",
        "saveHtml": false,
        "saveJson": true,
        "consoleReporter": "spec",
        "useInlineDiffs": false,
        "code": true
      },
      "version": "7.1.4"
    },
    "marge": {
      "options": {
        "overwrite": false,
        "html": false,
        "json": true,
        "reportDir": "cypress\\reports\\html\\.jsons"
      },
      "version": "6.3.2"
    }
  }
}